Equate elements:  no current cell.
Equate elements:  no current cell.
Class VoltageGenerator.spice:  Merged 11 devices.
Class VoltageGenerator1.spice:  Merged 11 devices.

Subcircuit summary:
Circuit 1: VoltageGenerator.spice          |Circuit 2: VoltageGenerator1.spice         
-------------------------------------------|-------------------------------------------
sky130_fd_pr__pfet_01v8 (10)               |sky130_fd_pr__pfet_01v8 (10)               
sky130_fd_pr__nfet_01v8 (9)                |sky130_fd_pr__nfet_01v8 (9)                
Number of devices: 19                      |Number of devices: 19                      
Number of nets: 10 **Mismatch**            |Number of nets: 8 **Mismatch**             
---------------------------------------------------------------------------------------
NET mismatches: Class fragments follow (with fanout counts):
Circuit 1: VoltageGenerator.spice          |Circuit 2: VoltageGenerator1.spice         

---------------------------------------------------------------------------------------
Net: VP                                    |Net: VP                                    
  sky130_fd_pr__pfet_01v8/(1|3) = 9        |  sky130_fd_pr__pfet_01v8/(1|3) = 10       
  sky130_fd_pr__pfet_01v8/4 = 10           |  sky130_fd_pr__pfet_01v8/4 = 10           
  sky130_fd_pr__pfet_01v8/2 = 3            |  sky130_fd_pr__pfet_01v8/2 = 4            
                                           |  sky130_fd_pr__nfet_01v8/(1|3) = 1        
                                           |                                           
Net: net3                                  |Net: VN                                    
  sky130_fd_pr__nfet_01v8/(1|3) = 3        |  sky130_fd_pr__nfet_01v8/(1|3) = 11       
                                           |  sky130_fd_pr__nfet_01v8/4 = 9            
                                           |  sky130_fd_pr__nfet_01v8/2 = 3            
                                           |                                           
Net: Vcp                                   |(no matching net)                          
  sky130_fd_pr__nfet_01v8/(1|3) = 1        |                                           
  sky130_fd_pr__pfet_01v8/(1|3) = 1        |                                           
  sky130_fd_pr__pfet_01v8/2 = 1            |                                           
                                           |                                           
Net: VN                                    |(no matching net)                          
  sky130_fd_pr__nfet_01v8/4 = 9            |                                           
  sky130_fd_pr__nfet_01v8/(1|3) = 8        |                                           
  sky130_fd_pr__nfet_01v8/2 = 3            |                                           
---------------------------------------------------------------------------------------
Netlists do not match.
The top level cell failed pin matching.
